d:\game2d\bansung\bansung\debug\vc143.pdb
d:\game2d\bansung\bansung\debug\vc143.idb
d:\game2d\bansung\bansung\debug\main.obj
d:\game2d\bansung\bansung\debug\basefunction.obj
d:\game2d\bansung\bansung\debug\baseobject.obj
d:\testcase\bansung\bansung\debug\vc143.pdb
d:\testcase\bansung\bansung\debug\vc143.idb
d:\testcase\bansung\bansung\debug\main.obj
d:\testcase\bansung\bansung\debug\baseobject.obj
d:\testcase\bansung\bansung\debug\basefunction.obj
d:\game2d\bansung\bansung\debug\bando.obj
d:\game2d\bansung\bansung\debug\nhanvatobject.obj
d:\testcase\bansung\bansung\debug\bansung.ilk
d:\testcase\bansung\debug\bansung.exe
d:\testcase\bansung\debug\bansung.pdb
d:\game2d\bansung\debug\bansung.exe
d:\game2d\bansung\bansung\debug\bansung.ilk
d:\game2d\bansung\debug\bansung.pdb
d:\game2d\bansung\bansung\debug\bansung.tlog\cl.command.1.tlog
d:\game2d\bansung\bansung\debug\bansung.tlog\cl.read.1.tlog
d:\game2d\bansung\bansung\debug\bansung.tlog\cl.write.1.tlog
d:\game2d\bansung\bansung\debug\bansung.tlog\link.command.1.tlog
d:\game2d\bansung\bansung\debug\bansung.tlog\link.read.1.tlog
d:\game2d\bansung\bansung\debug\bansung.tlog\link.write.1.tlog
